build/app/outputs/mapping/release/mapping.txt
# compiler: R8
# compiler_version: 1.5.64
# min_api: 21
# pg_map_id: 1955b3a
...
com.google.gson.JsonIOException -> c.c.d.m:
com.google.gson.JsonNull -> c.c.d.n:
    com.google.gson.JsonNull INSTANCE -> a
com.google.gson.JsonObject -> c.c.d.o:
    com.google.gson.internal.LinkedTreeMap members -> a
    void add(java.lang.String,com.google.gson.JsonElement) -> a
    boolean has(java.lang.String) -> a
    com.google.gson.JsonElement remove(java.lang.String) -> b
    java.util.Set entrySet() -> m
com.google.gson.JsonParseException -> c.c.d.p:
com.google.gson.JsonPrimitive -> c.c.d.q:
    java.lang.Object value -> a
    boolean isIntegral(com.google.gson.JsonPrimitive) -> a
    java.lang.String getAsString() -> h
    boolean getAsBoolean() -> m
    double getAsDouble() -> n
    int getAsInt() -> o
    long getAsLong() -> p
    java.lang.Number getAsNumber() -> q
    boolean isBoolean() -> r
    boolean isNumber() -> s
    boolean isString() -> t
com.google.gson.JsonSerializationContext -> c.c.d.r:
com.google.gson.JsonSerializer -> c.c.d.s:
    com.google.gson.JsonElement serialize(java.lang.Object,java.lang.reflect.Type,com.google.gson.JsonSerializationContext) -> a
com.google.gson.JsonSyntaxException -> c.c.d.t:
com.google.gson.LongSerializationPolicy -> c.c.d.u:
    com.google.gson.LongSerializationPolicy STRING -> c
    com.google.gson.LongSerializationPolicy DEFAULT -> b
    com.google.gson.LongSerializationPolicy[] $VALUES -> d
com.google.gson.LongSerializationPolicy$1 -> c.c.d.u$a:
com.google.gson.LongSerializationPolicy$2 -> c.c.d.u$b:
com.google.gson.TypeAdapter -> c.c.d.v:
    java.lang.Object fromJsonTree(com.google.gson.JsonElement) -> a
    com.google.gson.TypeAdapter nullSafe() -> a
    java.lang.Object read(com.google.gson.stream.JsonReader) -> a
    com.google.gson.JsonElement toJsonTree(java.lang.Object) -> a
    void write(com.google.gson.stream.JsonWriter,java.lang.Object) -> a
com.google.gson.TypeAdapter$1 -> c.c.d.v$a:
    com.google.gson.TypeAdapter this$0 -> a
    java.lang.Object read(com.google.gson.stream.JsonReader) -> a
    void write(com.google.gson.stream.JsonWriter,java.lang.Object) -> a
com.google.gson.TypeAdapterFactory -> c.c.d.w:
    com.google.gson.TypeAdapter create(com.google.gson.Gson,com.google.gson.reflect.TypeToken) -> a
com.google.gson.annotations.Expose -> c.c.d.x.a:
com.google.gson.annotations.JsonAdapter -> c.c.d.x.b:
com.google.gson.annotations.SerializedName -> c.c.d.x.c:
com.google.gson.annotations.Since -> c.c.d.x.d:
com.google.gson.annotations.Until -> c.c.d.x.e:
com.google.gson.internal.$Gson$Preconditions -> c.c.d.y.a:
    void checkArgument(boolean) -> a
    java.lang.Object checkNotNull(java.lang.Object) -> a